<!DOCTYPE html PUBLIC "-//W3C//DTD XHTML 1.1//EN" "https://www.w3.org/TR/xhtml11/DTD/xhtml11.dtd">
<html xmlns="https://www.w3.org/1999/xhtml">
<head>
<meta http-equiv="content-type" content="text/html; charset=UTF-8"/>
<title>TestNG Report</title>
<style type="text/css">table {margin-bottom:10px;border-collapse:collapse;empty-cells:show}th,td {border:1px solid #009;padding:.25em .5em}th {vertical-align:bottom}td {vertical-align:top}table a {font-weight:bold}.stripe td {background-color: #E6EBF9}.num {text-align:right}.passedodd td {background-color: #3F3}.passedeven td {background-color: #0A0}.skippedodd td {background-color: #DDD}.skippedeven td {background-color: #CCC}.failedodd td,.attn {background-color: #F33}.failedeven td,.stripe .attn {background-color: #D00}.stacktrace {white-space:pre;font-family:monospace}.totop {font-size:85%;text-align:center;border-bottom:2px solid #000}.invisible {display:none}</style>
</head>
<body>
<table>
<tr><th>Test</th><th># Passed</th><th># Skipped</th><th># Retried</th><th># Failed</th><th>Time (ms)</th><th>Included Groups</th><th>Excluded Groups</th></tr>
<tr><th colspan="8">Flentas Test Suite</th></tr>
<tr><td><a href="#t0">Careers Test</a></td><td class="num">1</td><td class="num">0</td><td class="num">0</td><td class="num">0</td><td class="num">38,153</td><td></td><td></td></tr>
<tr class="stripe"><td><a href="#t1">Broken Links</a></td><td class="num">1</td><td class="num">0</td><td class="num">0</td><td class="num">0</td><td class="num">10,161</td><td></td><td></td></tr>
<tr><td><a href="#t2">Blog Test</a></td><td class="num">1</td><td class="num">0</td><td class="num">0</td><td class="num">0</td><td class="num">10,583</td><td></td><td></td></tr>
<tr class="stripe"><td><a href="#t3">Services Test</a></td><td class="num">1</td><td class="num">0</td><td class="num">0</td><td class="num">0</td><td class="num">7,401</td><td></td><td></td></tr>
<tr><td><a href="#t4">Contact Form Test</a></td><td class="num">4</td><td class="num">0</td><td class="num">0</td><td class="num attn">3</td><td class="num">53,952</td><td></td><td></td></tr>
<tr><th>Total</th><th class="num">8</th><th class="num">0</th><th class="num">0</th><th class="num attn">3</th><th class="num">120,250</th><th colspan="2"></th></tr>
</table>
<table id='summary'><thead><tr><th>Class</th><th>Method</th><th>Start</th><th>Time (ms)</th></tr></thead><tbody><tr><th colspan="4">Flentas Test Suite</th></tr></tbody><tbody id="t0"><tr><th colspan="4">Careers Test &#8212; passed</th></tr><tr class="passedeven"><td rowspan="1">com.flentas.tests.CareerPageTest</td><td><a href="#m0">applyForQaLeadJob</a></td><td rowspan="1">1756399396603</td><td rowspan="1">33512</td></tr></tbody>
<tbody id="t1"><tr><th colspan="4">Broken Links &#8212; passed</th></tr><tr class="passedeven"><td rowspan="1">com.flentas.tests.BrokenLinksTest</td><td><a href="#m1">printAllLinksWithResponseCode</a></td><td rowspan="1">1756399435308</td><td rowspan="1">5146</td></tr></tbody>
<tbody id="t2"><tr><th colspan="4">Blog Test &#8212; passed</th></tr><tr class="passedeven"><td rowspan="1">com.flentas.tests.FindBlogTest</td><td><a href="#m2">findAndOpenBlog</a></td><td rowspan="1">1756399443729</td><td rowspan="1">7296</td></tr></tbody>
<tbody id="t3"><tr><th colspan="4">Services Test &#8212; passed</th></tr><tr class="passedeven"><td rowspan="1">com.flentas.tests.CheckServicesTest</td><td><a href="#m3">validateAllServicesTitles</a></td><td rowspan="1">1756399451281</td><td rowspan="1">7167</td></tr></tbody>
<tbody id="t4"><tr><th colspan="4">Contact Form Test &#8212; failed</th></tr><tr class="failedeven"><td rowspan="3">com.flentas.tests.ContactFormTest</td><td><a href="#m4">testNegativeFormValidation</a></td><td rowspan="1">1756399485399</td><td rowspan="1">6528</td></tr><tr class="failedeven"><td><a href="#m5">testPositiveFormSubmission</a></td><td rowspan="2">1756399505707</td><td rowspan="2">6610</td></tr><tr class="failedeven"><td><a href="#m6">testPositiveFormSubmission</a></td></tr><tr><th colspan="4">Contact Form Test &#8212; passed</th></tr><tr class="passedeven"><td rowspan="4">com.flentas.tests.ContactFormTest</td><td><a href="#m7">testNegativeFormValidation</a></td><td rowspan="4">1756399470965</td><td rowspan="4">7070</td></tr><tr class="passedeven"><td><a href="#m8">testNegativeFormValidation</a></td></tr><tr class="passedeven"><td><a href="#m9">testNegativeFormValidation</a></td></tr><tr class="passedeven"><td><a href="#m10">testNegativeFormValidation</a></td></tr></tbody>
</table>
<h2>Careers Test</h2><h3 id="m0">com.flentas.tests.CareerPageTest#applyForQaLeadJob</h3><table class="result"><tr><th class="invisible"/></tr></table><p class="totop"><a href="#summary">back to summary</a></p>
<h2>Broken Links</h2><h3 id="m1">com.flentas.tests.BrokenLinksTest#printAllLinksWithResponseCode</h3><table class="result"><tr><th class="invisible"/></tr></table><p class="totop"><a href="#summary">back to summary</a></p>
<h2>Blog Test</h2><h3 id="m2">com.flentas.tests.FindBlogTest#findAndOpenBlog</h3><table class="result"><tr><th class="invisible"/></tr></table><p class="totop"><a href="#summary">back to summary</a></p>
<h2>Services Test</h2><h3 id="m3">com.flentas.tests.CheckServicesTest#validateAllServicesTitles</h3><table class="result"><tr><th class="invisible"/></tr></table><p class="totop"><a href="#summary">back to summary</a></p>
<h2>Contact Form Test</h2><h3 id="m4">com.flentas.tests.ContactFormTest#testNegativeFormValidation</h3><table class="result"><tr class="param"><th>Parameter #1</th><th>Parameter #2</th><th>Parameter #3</th><th>Parameter #4</th><th>Parameter #5</th></tr><tr class="param stripe"><td>Invalid Email</td><td>invalid-email</td><td>Company</td><td>1234567890</td><td>Test</td></tr><tr><th colspan="5">Exception</th></tr><tr><td colspan="5"><div class="stacktrace">java.lang.AssertionError: Submit button should be disabled, but it was enabled. Test data: Invalid Email, invalid-email
	at com.flentas.tests.ContactFormTest.testNegativeFormValidation(ContactFormTest.java:62)
	at java.base/java.util.ArrayList.forEach(ArrayList.java:1597)
... Removed 25 stack frames</div></td></tr></table><p class="totop"><a href="#summary">back to summary</a></p>
<h3 id="m5">com.flentas.tests.ContactFormTest#testPositiveFormSubmission</h3><table class="result"><tr class="param"><th>Parameter #1</th><th>Parameter #2</th><th>Parameter #3</th><th>Parameter #4</th><th>Parameter #5</th></tr><tr class="param stripe"><td>John Doe</td><td>john.doe@example.com</td><td>flentas</td><td>1234567890</td><td>Please contact me regarding services. This is a test message generated by automation script.</td></tr><tr><th colspan="5">Exception</th></tr><tr><td colspan="5"><div class="stacktrace">org.openqa.selenium.TimeoutException: Expected condition failed: waiting for element to be clickable: [[ChromeDriver: chrome on windows (15344bf7a38d3dbe175df0b94428bf3c)] -&gt; id: submitForm2] (tried for 5 second(s) with 500 milliseconds interval)
Build info: version: &apos;4.35.0&apos;, revision: &apos;1c58e5028b&apos;
System info: os.name: &apos;Windows 11&apos;, os.arch: &apos;amd64&apos;, os.version: &apos;10.0&apos;, java.version: &apos;22.0.2&apos;
Driver info: org.openqa.selenium.chrome.ChromeDriver
Capabilities {acceptInsecureCerts: false, browserName: chrome, browserVersion: 139.0.7258.139, chrome: {chromedriverVersion: 139.0.7258.154 (9e0d6b2b47f..., userDataDir: C:\Users\Admin\AppData\Loca...}, fedcm:accounts: true, goog:chromeOptions: {debuggerAddress: localhost:49928}, networkConnectionEnabled: false, pageLoadStrategy: normal, platformName: windows, proxy: Proxy(), se:cdp: ws://localhost:49928/devtoo..., se:cdpVersion: 139.0.7258.139, setWindowRect: true, strictFileInteractability: false, timeouts: {implicit: 0, pageLoad: 300000, script: 30000}, unhandledPromptBehavior: dismiss and notify, webauthn:extension:credBlob: true, webauthn:extension:largeBlob: true, webauthn:extension:minPinLength: true, webauthn:extension:prf: true, webauthn:virtualAuthenticators: true}
Session ID: 15344bf7a38d3dbe175df0b94428bf3c
	at org.openqa.selenium.support.ui.WebDriverWait.timeoutException(WebDriverWait.java:84)
	at org.openqa.selenium.support.ui.FluentWait.until(FluentWait.java:228)
	at com.flentas.tests.ContactFormTest.testPositiveFormSubmission(ContactFormTest.java:38)
	at java.base/java.util.ArrayList.forEach(ArrayList.java:1597)
... Removed 25 stack frames</div></td></tr></table><p class="totop"><a href="#summary">back to summary</a></p>
<h3 id="m6">com.flentas.tests.ContactFormTest#testPositiveFormSubmission</h3><table class="result"><tr class="param"><th>Parameter #1</th><th>Parameter #2</th><th>Parameter #3</th><th>Parameter #4</th><th>Parameter #5</th></tr><tr class="param stripe"><td>Test QA</td><td>Test.qa@example.com</td><td>flentas</td><td>9876543210</td><td>This is a test message generated by automation script.</td></tr><tr><th colspan="5">Exception</th></tr><tr><td colspan="5"><div class="stacktrace">org.openqa.selenium.TimeoutException: Expected condition failed: waiting for element to be clickable: [[ChromeDriver: chrome on windows (15344bf7a38d3dbe175df0b94428bf3c)] -&gt; id: submitForm2] (tried for 5 second(s) with 500 milliseconds interval)
Build info: version: &apos;4.35.0&apos;, revision: &apos;1c58e5028b&apos;
System info: os.name: &apos;Windows 11&apos;, os.arch: &apos;amd64&apos;, os.version: &apos;10.0&apos;, java.version: &apos;22.0.2&apos;
Driver info: org.openqa.selenium.chrome.ChromeDriver
Capabilities {acceptInsecureCerts: false, browserName: chrome, browserVersion: 139.0.7258.139, chrome: {chromedriverVersion: 139.0.7258.154 (9e0d6b2b47f..., userDataDir: C:\Users\Admin\AppData\Loca...}, fedcm:accounts: true, goog:chromeOptions: {debuggerAddress: localhost:49928}, networkConnectionEnabled: false, pageLoadStrategy: normal, platformName: windows, proxy: Proxy(), se:cdp: ws://localhost:49928/devtoo..., se:cdpVersion: 139.0.7258.139, setWindowRect: true, strictFileInteractability: false, timeouts: {implicit: 0, pageLoad: 300000, script: 30000}, unhandledPromptBehavior: dismiss and notify, webauthn:extension:credBlob: true, webauthn:extension:largeBlob: true, webauthn:extension:minPinLength: true, webauthn:extension:prf: true, webauthn:virtualAuthenticators: true}
Session ID: 15344bf7a38d3dbe175df0b94428bf3c
	at org.openqa.selenium.support.ui.WebDriverWait.timeoutException(WebDriverWait.java:84)
	at org.openqa.selenium.support.ui.FluentWait.until(FluentWait.java:228)
	at com.flentas.tests.ContactFormTest.testPositiveFormSubmission(ContactFormTest.java:38)
	at java.base/java.util.ArrayList.forEach(ArrayList.java:1597)
... Removed 25 stack frames</div></td></tr></table><p class="totop"><a href="#summary">back to summary</a></p>
<h3 id="m7">com.flentas.tests.ContactFormTest#testNegativeFormValidation</h3><table class="result"><tr class="param"><th>Parameter #1</th><th>Parameter #2</th><th>Parameter #3</th><th>Parameter #4</th><th>Parameter #5</th></tr><tr class="param stripe"><td></td><td></td><td></td><td></td><td></td></tr></table><p class="totop"><a href="#summary">back to summary</a></p>
<h3 id="m8">com.flentas.tests.ContactFormTest#testNegativeFormValidation</h3><table class="result"><tr class="param"><th>Parameter #1</th><th>Parameter #2</th><th>Parameter #3</th><th>Parameter #4</th><th>Parameter #5</th></tr><tr class="param stripe"><td></td><td>invalid@</td><td></td><td>000</td><td></td></tr></table><p class="totop"><a href="#summary">back to summary</a></p>
<h3 id="m9">com.flentas.tests.ContactFormTest#testNegativeFormValidation</h3><table class="result"><tr class="param"><th>Parameter #1</th><th>Parameter #2</th><th>Parameter #3</th><th>Parameter #4</th><th>Parameter #5</th></tr><tr class="param stripe"><td>Test</td><td>Test@</td><td></td><td>Missing phone</td><td></td></tr></table><p class="totop"><a href="#summary">back to summary</a></p>
<h3 id="m10">com.flentas.tests.ContactFormTest#testNegativeFormValidation</h3><table class="result"><tr class="param"><th>Parameter #1</th><th>Parameter #2</th><th>Parameter #3</th><th>Parameter #4</th><th>Parameter #5</th></tr><tr class="param stripe"><td>Invalid Name</td><td>test@test.com</td><td>Company</td><td>abc</td><td>Test</td></tr></table><p class="totop"><a href="#summary">back to summary</a></p>
</body>
</html>
